# JRE version: Java(TM) SE Runtime Environment (18.0.2.1+1) (build 18.0.2.1+1-1)
# Java VM: Java HotSpot(TM) 64-Bit Server VM (18.0.2.1+1-1, mixed mode, sharing, tiered, compressed oops, compressed class ptrs, g1 gc, windows-amd64)
GC Precious Log:
 CardTable entry size: 512
 Card Set container configuration: InlinePtr #cards 5 size 8 Array Of Cards #cards 12 size 40 Howl #buckets 4 coarsen threshold 1843 Howl Bitmap #cards 512 size 80 coarsen threshold 460 Card regions per heap region 1 cards per card region 2048
 CPUs: 4 total, 4 available
 Memory: 16286M
 Large Page Support: Disabled
 NUMA Support: Disabled
 Compressed Oops: Enabled (32-bit)
 Heap Region Size: 1M
 Heap Min Capacity: 256M
 Heap Initial Capacity: 256M
 Heap Max Capacity: 512M
 Pre-touch: Disabled
 Parallel Workers: 4
 Concurrent Workers: 1
 Concurrent Refinement Workers: 4
 Periodic GC: Disabled
Heap:
 garbage-first heap   total 401408K, used 322704K [0x00000000e0000000, 0x0000000100000000)
  region size 1024K, 160 young (163840K), 3 survivors (3072K)
 Metaspace       used 52233K, committed 53888K, reserved 380928K
  class space    used 7309K, committed 8128K, reserved 315392K
GC Heap History (20 events):
Event: 40.790 GC heap before
{Heap before GC invocations=35 (full 0):
 garbage-first heap   total 401408K, used 334640K [0x00000000e0000000, 0x0000000100000000)
  region size 1024K, 174 young (178176K), 4 survivors (4096K)
 Metaspace       used 52202K, committed 53760K, reserved 380928K
  class space    used 7305K, committed 8128K, reserved 315392K
}
Event: 40.794 GC heap after
{Heap after GC invocations=36 (full 0):
 garbage-first heap   total 401408K, used 162748K [0x00000000e0000000, 0x0000000100000000)
  region size 1024K, 6 young (6144K), 6 survivors (6144K)
 Metaspace       used 52202K, committed 53760K, reserved 380928K
  class space    used 7305K, committed 8128K, reserved 315392K
}
Event: 41.123 GC heap before
{Heap before GC invocations=36 (full 0):
 garbage-first heap   total 401408K, used 337852K [0x00000000e0000000, 0x0000000100000000)
  region size 1024K, 177 young (181248K), 6 survivors (6144K)
 Metaspace       used 52206K, committed 53760K, reserved 380928K
  class space    used 7306K, committed 8128K, reserved 315392K
}
Event: 41.128 GC heap after
{Heap after GC invocations=37 (full 0):
 garbage-first heap   total 401408K, used 165045K [0x00000000e0000000, 0x0000000100000000)
  region size 1024K, 8 young (8192K), 8 survivors (8192K)
 Metaspace       used 52206K, committed 53760K, reserved 380928K
  class space    used 7306K, committed 8128K, reserved 315392K
}
Event: 41.760 GC heap before
{Heap before GC invocations=38 (full 0):
 garbage-first heap   total 401408K, used 342197K [0x00000000e0000000, 0x0000000100000000)
  region size 1024K, 181 young (185344K), 8 survivors (8192K)
 Metaspace       used 52207K, committed 53760K, reserved 380928K
  class space    used 7306K, committed 8128K, reserved 315392K
}
Event: 41.766 GC heap after
{Heap after GC invocations=39 (full 0):
 garbage-first heap   total 401408K, used 166393K [0x00000000e0000000, 0x0000000100000000)
  region size 1024K, 9 young (9216K), 9 survivors (9216K)
 Metaspace       used 52207K, committed 53760K, reserved 380928K
  class space    used 7306K, committed 8128K, reserved 315392K
}
Event: 41.795 GC heap before
{Heap before GC invocations=39 (full 0):
 garbage-first heap   total 401408K, used 176633K [0x00000000e0000000, 0x0000000100000000)
  region size 1024K, 19 young (19456K), 9 survivors (9216K)
 Metaspace       used 52207K, committed 53760K, reserved 380928K
  class space    used 7306K, committed 8128K, reserved 315392K
}
Event: 41.804 GC heap after
{Heap after GC invocations=40 (full 0):
 garbage-first heap   total 401408K, used 164365K [0x00000000e0000000, 0x0000000100000000)
  region size 1024K, 2 young (2048K), 2 survivors (2048K)
 Metaspace       used 52207K, committed 53760K, reserved 380928K
  class space    used 7306K, committed 8128K, reserved 315392K
}
Event: 42.220 GC heap before
{Heap before GC invocations=40 (full 0):
 garbage-first heap   total 401408K, used 342541K [0x00000000e0000000, 0x0000000100000000)
  region size 1024K, 177 young (181248K), 2 survivors (2048K)
 Metaspace       used 52210K, committed 53760K, reserved 380928K
  class space    used 7309K, committed 8128K, reserved 315392K
}
Event: 42.223 GC heap after
{Heap after GC invocations=41 (full 0):
 garbage-first heap   total 401408K, used 164923K [0x00000000e0000000, 0x0000000100000000)
  region size 1024K, 2 young (2048K), 2 survivors (2048K)
 Metaspace       used 52210K, committed 53760K, reserved 380928K
  class space    used 7309K, committed 8128K, reserved 315392K
}
Event: 43.001 GC heap before
{Heap before GC invocations=41 (full 0):
 garbage-first heap   total 401408K, used 346171K [0x00000000e0000000, 0x0000000100000000)
  region size 1024K, 179 young (183296K), 2 survivors (2048K)
 Metaspace       used 52212K, committed 53760K, reserved 380928K
  class space    used 7309K, committed 8128K, reserved 315392K
}
Event: 43.004 GC heap after
{Heap after GC invocations=42 (full 0):
 garbage-first heap   total 401408K, used 162502K [0x00000000e0000000, 0x0000000100000000)
  region size 1024K, 3 young (3072K), 3 survivors (3072K)
 Metaspace       used 52212K, committed 53760K, reserved 380928K
  class space    used 7309K, committed 8128K, reserved 315392K
}
Event: 44.524 GC heap before
{Heap before GC invocations=42 (full 0):
 garbage-first heap   total 401408K, used 347846K [0x00000000e0000000, 0x0000000100000000)
  region size 1024K, 184 young (188416K), 3 survivors (3072K)
 Metaspace       used 52216K, committed 53760K, reserved 380928K
  class space    used 7309K, committed 8128K, reserved 315392K
}
Event: 44.528 GC heap after
{Heap after GC invocations=43 (full 0):
 garbage-first heap   total 401408K, used 163883K [0x00000000e0000000, 0x0000000100000000)
  region size 1024K, 4 young (4096K), 4 survivors (4096K)
 Metaspace       used 52216K, committed 53760K, reserved 380928K
  class space    used 7309K, committed 8128K, reserved 315392K
}
Event: 45.620 GC heap before
{Heap before GC invocations=44 (full 0):
 garbage-first heap   total 401408K, used 349227K [0x00000000e0000000, 0x0000000100000000)
  region size 1024K, 185 young (189440K), 4 survivors (4096K)
 Metaspace       used 52232K, committed 53888K, reserved 380928K
  class space    used 7309K, committed 8128K, reserved 315392K
}
Event: 45.624 GC heap after
{Heap after GC invocations=45 (full 0):
 garbage-first heap   total 401408K, used 165304K [0x00000000e0000000, 0x0000000100000000)
  region size 1024K, 6 young (6144K), 6 survivors (6144K)
 Metaspace       used 52232K, committed 53888K, reserved 380928K
  class space    used 7309K, committed 8128K, reserved 315392K
}
Event: 45.668 GC heap before
{Heap before GC invocations=45 (full 0):
 garbage-first heap   total 401408K, used 178616K [0x00000000e0000000, 0x0000000100000000)
  region size 1024K, 19 young (19456K), 6 survivors (6144K)
 Metaspace       used 52232K, committed 53888K, reserved 380928K
  class space    used 7309K, committed 8128K, reserved 315392K
}
Event: 45.674 GC heap after
{Heap after GC invocations=46 (full 0):
 garbage-first heap   total 401408K, used 161122K [0x00000000e0000000, 0x0000000100000000)
  region size 1024K, 1 young (1024K), 1 survivors (1024K)
 Metaspace       used 52232K, committed 53888K, reserved 380928K
  class space    used 7309K, committed 8128K, reserved 315392K
}
Event: 46.352 GC heap before
{Heap before GC invocations=46 (full 0):
 garbage-first heap   total 401408K, used 349538K [0x00000000e0000000, 0x0000000100000000)
  region size 1024K, 186 young (190464K), 1 survivors (1024K)
 Metaspace       used 52233K, committed 53888K, reserved 380928K
  class space    used 7309K, committed 8128K, reserved 315392K
}
Event: 46.355 GC heap after
{Heap after GC invocations=47 (full 0):
 garbage-first heap   total 401408K, used 162960K [0x00000000e0000000, 0x0000000100000000)
  region size 1024K, 3 young (3072K), 3 survivors (3072K)
 Metaspace       used 52233K, committed 53888K, reserved 380928K
  class space    used 7309K, committed 8128K, reserved 315392K
}

